<?xml version="1.0" encoding="UTF-8"?><testsuite errors="1" failures="0" name="Go to the Utest.com page and click on the registration option." skipped="0" tests="2" time="1.41" timestamp="2022-06-07 05:40:50"><testcase name="Start filling out the registration form"><error message="Could not instantiate class org.openqa.selenium.chrome.ChromeDriver" type="net.thucydides.core.webdriver.DriverConfigurationError">Could not instantiate class org.openqa.selenium.chrome.ChromeDriver</error><system-err>Could not instantiate class org.openqa.selenium.chrome.ChromeDriver&#13;
stepsDefinitions.EjemploSteps.thatNewUserAccessesTheUtestWebsite(EjemploSteps.java:25)&#13;
cucumber.runner.Runner.runPickle(Runner.java:80)&#13;
</system-err></testcase><testcase name="Start filling the registration form"/></testsuite>